<?xml version="1.0" encoding="utf-8"?><testsuites name="pytest tests"><testsuite name="pytest" errors="0" failures="1" skipped="0" tests="39" time="3.313" timestamp="2026-05-20T08:29:14.020997+00:00" hostname="agent-env-b1f8590b-5ded-4348-af28-6092c6106b17"><testcase classname="backend.tests.test_sonara_api.TestHealth" name="test_root" time="0.248" /><testcase classname="backend.tests.test_sonara_api.TestHealth" name="test_meta_options" time="0.048" /><testcase classname="backend.tests.test_sonara_api.TestAuth" name="test_dev_login_user" time="0.051" /><testcase classname="backend.tests.test_sonara_api.TestAuth" name="test_dev_login_admin" time="0.048" /><testcase classname="backend.tests.test_sonara_api.TestAuth" name="test_auth_me_ok" time="0.049" /><testcase classname="backend.tests.test_sonara_api.TestAuth" name="test_auth_me_no_token" time="0.131" /><testcase classname="backend.tests.test_sonara_api.TestProfile" name="test_update_profile" time="0.050" /><testcase classname="backend.tests.test_sonara_api.TestProfile" name="test_get_profile_with_stats" time="0.052" /><testcase classname="backend.tests.test_sonara_api.TestFeed" name="test_home_feed" time="0.052" /><testcase classname="backend.tests.test_sonara_api.TestEvents" name="test_create_event" time="0.047" /><testcase classname="backend.tests.test_sonara_api.TestEvents" name="test_list_events" time="0.047" /><testcase classname="backend.tests.test_sonara_api.TestEvents" name="test_get_event_detail" time="0.050" /><testcase classname="backend.tests.test_sonara_api.TestEvents" name="test_join_leave_event" time="0.189" /><testcase classname="backend.tests.test_sonara_api.TestProjects" name="test_create_project" time="0.047" /><testcase classname="backend.tests.test_sonara_api.TestProjects" name="test_list_projects" time="0.051" /><testcase classname="backend.tests.test_sonara_api.TestProjects" name="test_get_project" time="0.048" /><testcase classname="backend.tests.test_sonara_api.TestProjects" name="test_join_project" time="0.045" /><testcase classname="backend.tests.test_sonara_api.TestProjects" name="test_add_and_update_task" time="0.099" /><testcase classname="backend.tests.test_sonara_api.TestDiscover" name="test_discover_musicians" time="0.049" /><testcase classname="backend.tests.test_sonara_api.TestDiscover" name="test_discover_filters" time="0.052" /><testcase classname="backend.tests.test_sonara_api.TestDiscover" name="test_swipe_deck" time="0.048" /><testcase classname="backend.tests.test_sonara_api.TestMatch" name="test_mutual_swipe_creates_match" time="0.106" /><testcase classname="backend.tests.test_sonara_api.TestMatch" name="test_list_matches" time="0.048" /><testcase classname="backend.tests.test_sonara_api.TestChat" name="test_create_or_find_chat" time="0.049" /><testcase classname="backend.tests.test_sonara_api.TestChat" name="test_list_chats" time="0.048" /><testcase classname="backend.tests.test_sonara_api.TestChat" name="test_send_and_list_messages" time="0.103" /><testcase classname="backend.tests.test_sonara_api.TestWebSocket" name="test_ws_connect_and_receive_broadcast" time="0.279"><failure message="assert 'pong' in '{&quot;type&quot;: &quot;notification&quot;, &quot;notification&quot;: {&quot;notification_id&quot;: &quot;notif_fe420b02890b&quot;, &quot;user_id&quot;: &quot;user_ab3e6a286ccf&quot;, &quot;type&quot;: &quot;chat_message&quot;, &quot;message&quot;: &quot;Luna Voice sent a message&quot;, &quot;data&quot;: {&quot;chat_id&quot;: &quot;chat_f0863a7e1d7d&quot;}, &quot;read&quot;: false, &quot;created_at&quot;: &quot;2026-05-20T08:29:16.259268+00:00&quot;}}'">backend/tests/test_sonara_api.py:360: in test_ws_connect_and_receive_broadcast
    asyncio.get_event_loop().run_until_complete(run()) if False else asyncio.run(run())
                                                                     ^^^^^^^^^^^^^^^^^^
/usr/local/lib/python3.11/asyncio/runners.py:190: in run
    return runner.run(main)
           ^^^^^^^^^^^^^^^^
/usr/local/lib/python3.11/asyncio/runners.py:118: in run
    return self._loop.run_until_complete(task)
           ^^^^^^^^^^^^^^^^^^^^^^^^^^^^^^^^^^^
/usr/local/lib/python3.11/asyncio/base_events.py:654: in run_until_complete
    return future.result()
           ^^^^^^^^^^^^^^^
backend/tests/test_sonara_api.py:358: in run
    assert "pong" in pong
E   assert 'pong' in '{"type": "notification", "notification": {"notification_id": "notif_fe420b02890b", "user_id": "user_ab3e6a286ccf", "type": "chat_message", "message": "Luna Voice sent a message", "data": {"chat_id": "chat_f0863a7e1d7d"}, "read": false, "created_at": "2026-05-20T08:29:16.259268+00:00"}}'</failure></testcase><testcase classname="backend.tests.test_sonara_api.TestNotifications" name="test_list_and_mark_read" time="0.099" /><testcase classname="backend.tests.test_sonara_api.TestRatingsReportsVerif" name="test_rate_user" time="0.062" /><testcase classname="backend.tests.test_sonara_api.TestRatingsReportsVerif" name="test_rate_invalid_score" time="0.050" /><testcase classname="backend.tests.test_sonara_api.TestRatingsReportsVerif" name="test_report" time="0.058" /><testcase classname="backend.tests.test_sonara_api.TestRatingsReportsVerif" name="test_verification_submit_and_get" time="0.104" /><testcase classname="backend.tests.test_sonara_api.TestAdmin" name="test_non_admin_forbidden" time="0.047" /><testcase classname="backend.tests.test_sonara_api.TestAdmin" name="test_admin_users" time="0.049" /><testcase classname="backend.tests.test_sonara_api.TestAdmin" name="test_admin_reports" time="0.052" /><testcase classname="backend.tests.test_sonara_api.TestAdmin" name="test_admin_verifications" time="0.048" /><testcase classname="backend.tests.test_sonara_api.TestAdmin" name="test_admin_analytics" time="0.051" /><testcase classname="backend.tests.test_sonara_api.TestAdmin" name="test_admin_ban_unban" time="0.154" /><testcase classname="backend.tests.test_sonara_api.TestAdmin" name="test_admin_resolve_report_and_verification_actions" time="0.202" /></testsuite></testsuites>